<?xml version="1.0" encoding="UTF-8"?>
<!-- Generated by org.testng.reporters.JUnitXMLReporter -->
<testsuite ignored="0" hostname="DESKTOP-80LHPS8" failures="0" tests="3" name="Test2" time="5.381" errors="0" timestamp="2025-10-31T20:01:25 IST">
  <testcase classname="CampaignTest.createCampaignTest" name="CreateContactWithMandatoryFieldsTest" time="0.0">
    <skipped/>
  </testcase> <!-- CreateContactWithMandatoryFieldsTest -->
  <testcase classname="CampaignTest.createCampaignTest" name="createCampaignWithExpectedCloseDate" time="0.001">
    <skipped/>
  </testcase> <!-- createCampaignWithExpectedCloseDate -->
  <testcase classname="CampaignTest.createCampaignTest" name="createCampaignWithStatusTest" time="0.0">
    <skipped/>
  </testcase> <!-- createCampaignWithStatusTest -->
</testsuite> <!-- Test2 -->
