<?xml version="1.0" encoding="UTF-8"?>
<!-- Generated by org.testng.reporters.JUnitReportReporter -->
<testsuite hostname="DESKTOP-80LHPS8" failures="0" tests="10" name="CampaignTEst.newTest" time="35.328" errors="0" timestamp="2025-10-25T19:48:05 IST" skipped="0">
  <testcase classname="CampaignTEst.newTest" name="productCreation" time="0.006">
    <system-out>
      <![CDATA[Product creation]]>
    </system-out>
  </testcase> <!-- productCreation -->
  <testcase classname="CampaignTEst.newTest" name="productCreation" time="0.018">
    <system-out>
      <![CDATA[Product creation]]>
    </system-out>
  </testcase> <!-- productCreation -->
  <testcase classname="CampaignTEst.newTest" name="productCreation" time="0.009">
    <system-out>
      <![CDATA[Product creation]]>
    </system-out>
  </testcase> <!-- productCreation -->
  <testcase classname="CampaignTEst.newTest" name="deleteProduct" time="6.669"/>
  <testcase classname="CampaignTEst.newTest" name="productCreation" time="0.014">
    <system-out>
      <![CDATA[Product creation]]>
    </system-out>
  </testcase> <!-- productCreation -->
  <testcase classname="CampaignTEst.newTest" name="deleteProduct" time="7.424"/>
  <testcase classname="CampaignTEst.newTest" name="productCreation" time="0.015">
    <system-out>
      <![CDATA[Product creation]]>
    </system-out>
  </testcase> <!-- productCreation -->
  <testcase classname="CampaignTEst.newTest" name="deleteProduct" time="7.425"/>
  <testcase classname="CampaignTEst.newTest" name="deleteProduct" time="7.424"/>
  <testcase classname="CampaignTEst.newTest" name="deleteProduct" time="6.324"/>
  <system-out>
    <![CDATA[Product creation
Product creation
Product creation
Product creation
Product creation]]>
  </system-out>
</testsuite> <!-- CampaignTEst.newTest -->
