<?xml version="1.0" encoding="UTF-8"?>
<!-- Generated by org.testng.reporters.JUnitReportReporter -->
<testsuite hostname="DESKTOP-80LHPS8" failures="0" tests="1" name="practice.newTestTestNg" time="0.102" errors="0" timestamp="2025-10-23T19:57:41 IST" skipped="0">
  <testcase classname="practice.newTestTestNg" name="createCampaignWithMandatoryfieldTEst" time="0.102">
    <system-out>
      <![CDATA[createCampaignWithMandatoryfieldTEst]]>
    </system-out>
  </testcase> <!-- createCampaignWithMandatoryfieldTEst -->
  <system-out>
    <![CDATA[createCampaignWithMandatoryfieldTEst]]>
  </system-out>
</testsuite> <!-- practice.newTestTestNg -->
