<?xml version="1.0" encoding="UTF-8"?>
<!-- Generated by org.testng.reporters.JUnitReportReporter -->
<testsuite hostname="DESKTOP-80LHPS8" failures="0" tests="2" name="practice.WorkingWithConfiguration" time="0.023" errors="0" timestamp="2025-10-27T20:23:30 IST" skipped="0">
  <testcase classname="practice.WorkingWithConfiguration" name="test2" time="0.004"/>
  <testcase classname="practice.WorkingWithConfiguration" name="test1" time="0.019"/>
</testsuite> <!-- practice.WorkingWithConfiguration -->
